error: user.last_connection
error: user.last_connection
error: Wed Aug 07 2024 16:31:41 GMT-0300 (hora estándar de Argentina)
error: req.user
error: undefined
error: req.user
error: undefined
error: user.last_connection
error: Wed Aug 07 2024 16:37:14 GMT-0300 (hora estándar de Argentina)
error: req.user-1
error: undefined
error: req.user
error: undefined
error: req.user
error: undefined
error: user.last_connection
error: Wed Aug 07 2024 16:41:07 GMT-0300 (hora estándar de Argentina)
error: req.user-1
error: undefined
error: req.session1
error: [object Object]
error: req.session2
error: undefined
error: user.last_connection
error: Wed Aug 07 2024 16:42:09 GMT-0300 (hora estándar de Argentina)
error: req.user-1
error: undefined
error: req.session1
error: adminCoder@coder.com
error: user.last_connection
error: Wed Aug 07 2024 16:43:52 GMT-0300 (hora estándar de Argentina)
error: req.user-1
error: undefined
error: req.session1
error: adminCoder@coder.com
error: user.last_connection
error: Wed Aug 07 2024 16:45:35 GMT-0300 (hora estándar de Argentina)
error: req.user-1
error: user.last_connection
error: Wed Aug 07 2024 16:47:38 GMT-0300 (hora estándar de Argentina)
error: req.user-1
error: user.last_connection
error: Wed Aug 07 2024 16:51:01 GMT-0300 (hora estándar de Argentina)
error: req.user-1
error: user.last_connection
error: Wed Aug 07 2024 16:53:02 GMT-0300 (hora estándar de Argentina)
error: req.user-1
error: user.last_connection
error: Wed Aug 07 2024 16:54:39 GMT-0300 (hora estándar de Argentina)
error: req.user-1
error: user.last_connection
error: Wed Aug 07 2024 16:56:17 GMT-0300 (hora estándar de Argentina)
error: req.user-1
error: user.last_connection
error: Wed Aug 07 2024 16:58:05 GMT-0300 (hora estándar de Argentina)
error: req.user-1
error: undefined
error: req.session1
error: kh@coder.com
error: kh@coder.com
error: user
error: {
  _id: new ObjectId('664f695a22cfb9a8035fb493'),
  first_name: 'kaasta',
  last_name: 'henriquez',
  email: 'kh@coder.com',
  age: 26,
  password: '$2b$10$8SoK0u1EvDRVDw05zDxA1ue/FlOVIHdI1UHNDzlnrXDA3CoBw6.5G',
  cart: new ObjectId('664f695a22cfb9a8035fb491'),
  role: 'usuario',
  __v: 1,
  documents: [],
  last_connection: 2024-08-07T19:58:05.370Z
}
error: user.last_connection
error: Wed Aug 07 2024 17:02:17 GMT-0300 (hora estándar de Argentina)
error: req.user-1
error: user.last_connection
error: Wed Aug 07 2024 17:04:57 GMT-0300 (hora estándar de Argentina)
error: req.user-1
error: undefined
error: error en multer
error: undefined
error: error en multer
error: undefined
error: error en multer
error: undefined
error: Directory does not exist: C:\Users\silva\OneDrive\Documents\Curso BackEnd\DESAFIO-COMPL-E4\src\uploads\documents
error: Directory does not exist: C:\Users\silva\OneDrive\Documents\Curso BackEnd\DESAFIO-COMPL-E4\src\uploads\products
error: Directory does not exist: C:\Users\silva\OneDrive\Documents\Curso BackEnd\DESAFIO-COMPL-E4\src\uploads\profiles
error: false
error: false
error: tabla-tiempos-verbales-ingles.pdf,arroz.png,perfil.png,Identificacion.pdf,Comprobante de estado de cuenta.pdf,Comprobante de domicilio.pdf
error: false
error: tabla-tiempos-verbales-ingles,arroz,perfil,Identificacion,Comprobante de estado de cuenta,Comprobante de domicilio
error: true
error: Error autenticando alcambiando el rol del usuario: Assignment to constant variable.
TypeError: Assignment to constant variable.
    at changeRole (C:\Users\silva\OneDrive\Documents\Curso BackEnd\DESAFIO-COMPL-E4\src\dao\controllers\UserManager.js:218:25)
    at process.processTicksAndRejections (node:internal/process/task_queues:95:5)
error: tabla-tiempos-verbales-ingles,arroz,perfil,Identificacion,Comprobante de estado de cuenta,Comprobante de domicilio
error: true
error: Error autenticando alcambiando el rol del usuario: Assignment to constant variable.
TypeError: Assignment to constant variable.
    at changeRole (C:\Users\silva\OneDrive\Documents\Curso BackEnd\DESAFIO-COMPL-E4\src\dao\controllers\UserManager.js:218:25)
    at process.processTicksAndRejections (node:internal/process/task_queues:95:5)
error: tabla-tiempos-verbales-ingles,arroz,perfil,Identificacion,Comprobante de estado de cuenta,Comprobante de domicilio
error: true
error: tabla-tiempos-verbales-ingles,arroz,perfil,Identificacion,Comprobante de estado de cuenta,Comprobante de domicilio
error: true
error: Identificacion,Comprobante de estado de cuenta
error: false
error: Identificacion,Comprobante de estado de cuenta
error: false
error: Identificacion,Comprobante de estado de cuenta
error: false
error: Identificacion,Comprobante de estado de cuenta
error: false
error: tabla-tiempos-verbales-ingles,arroz,perfil,Identificacion,Comprobante de estado de cuenta,Comprobante de domicilio
error: true
error: user.last_connection
error: Thu Aug 08 2024 16:32:00 GMT-0300 (hora estándar de Argentina)
error: req.user-1
error: user.last_connection
error: Thu Aug 08 2024 16:35:09 GMT-0300 (hora estándar de Argentina)
error: req.user-1
error: user.last_connection
error: Thu Aug 08 2024 16:37:42 GMT-0300 (hora estándar de Argentina)
error: req.user-1
error: user.last_connection
error: Thu Aug 08 2024 16:39:06 GMT-0300 (hora estándar de Argentina)
error: req.user-1
error: user.last_connection
error: Thu Aug 08 2024 16:40:37 GMT-0300 (hora estándar de Argentina)
error: req.user-1
error: user.last_connection
error: Thu Aug 08 2024 16:41:38 GMT-0300 (hora estándar de Argentina)
error: req.user-1
error: undefined
error: kh@coder.com
error: kh@coder.com
error: user.last_connection
error: Thu Aug 08 2024 17:01:06 GMT-0300 (hora estándar de Argentina)
error: req.user-1
error: undefined
error: user.last_connection
error: Thu Aug 08 2024 17:03:46 GMT-0300 (hora estándar de Argentina)
